2022/08/09 19:43:01 [notice] 9#9: using the "epoll" event method
2022/08/09 19:43:01 [notice] 9#9: nginx/1.22.0
2022/08/09 19:43:01 [notice] 9#9: built by gcc 11.2.1 20220219 (Alpine 11.2.1_git20220219) 
2022/08/09 19:43:01 [notice] 9#9: OS: Linux 5.13.0-52-generic
2022/08/09 19:43:01 [notice] 9#9: getrlimit(RLIMIT_NOFILE): 1048576:1048576
2022/08/09 19:43:01 [notice] 9#9: start worker processes
2022/08/09 19:43:01 [notice] 9#9: start worker process 10
2022/08/09 19:43:01 [notice] 9#9: start worker process 11
2022/08/09 19:43:01 [notice] 9#9: start worker process 12
2022/08/09 19:43:01 [notice] 9#9: start worker process 13
2022/08/09 19:43:01 [notice] 9#9: start worker process 14
2022/08/09 19:43:01 [notice] 9#9: start worker process 15
2022/08/09 19:43:01 [notice] 9#9: start worker process 16
2022/08/09 19:43:01 [notice] 9#9: start worker process 17
2022/08/09 19:49:49 [notice] 9#9: using the "epoll" event method
2022/08/09 19:49:49 [notice] 9#9: nginx/1.22.0
2022/08/09 19:49:49 [notice] 9#9: built by gcc 11.2.1 20220219 (Alpine 11.2.1_git20220219) 
2022/08/09 19:49:49 [notice] 9#9: OS: Linux 5.13.0-52-generic
2022/08/09 19:49:49 [notice] 9#9: getrlimit(RLIMIT_NOFILE): 1048576:1048576
2022/08/09 19:49:49 [notice] 9#9: start worker processes
2022/08/09 19:49:49 [notice] 9#9: start worker process 10
2022/08/09 19:49:49 [notice] 9#9: start worker process 11
2022/08/09 19:49:49 [notice] 9#9: start worker process 12
2022/08/09 19:49:49 [notice] 9#9: start worker process 13
2022/08/09 19:49:49 [notice] 9#9: start worker process 14
2022/08/09 19:49:49 [notice] 9#9: start worker process 15
2022/08/09 19:49:49 [notice] 9#9: start worker process 16
2022/08/09 19:49:49 [notice] 9#9: start worker process 17
2022/08/09 20:48:58 [notice] 9#9: using the "epoll" event method
2022/08/09 20:48:58 [notice] 9#9: nginx/1.22.0
2022/08/09 20:48:58 [notice] 9#9: built by gcc 11.2.1 20220219 (Alpine 11.2.1_git20220219) 
2022/08/09 20:48:58 [notice] 9#9: OS: Linux 5.13.0-52-generic
2022/08/09 20:48:58 [notice] 9#9: getrlimit(RLIMIT_NOFILE): 1048576:1048576
2022/08/09 20:48:58 [notice] 9#9: start worker processes
2022/08/09 20:48:58 [notice] 9#9: start worker process 10
2022/08/09 20:48:58 [notice] 9#9: start worker process 11
2022/08/09 20:48:58 [notice] 9#9: start worker process 12
2022/08/09 20:48:58 [notice] 9#9: start worker process 13
2022/08/09 20:48:58 [notice] 9#9: start worker process 14
2022/08/09 20:48:58 [notice] 9#9: start worker process 15
2022/08/09 20:48:58 [notice] 9#9: start worker process 16
2022/08/09 20:48:58 [notice] 9#9: start worker process 17
2022/08/09 20:49:27 [notice] 9#9: using the "epoll" event method
2022/08/09 20:49:27 [notice] 9#9: nginx/1.22.0
2022/08/09 20:49:27 [notice] 9#9: built by gcc 11.2.1 20220219 (Alpine 11.2.1_git20220219) 
2022/08/09 20:49:27 [notice] 9#9: OS: Linux 5.13.0-52-generic
2022/08/09 20:49:27 [notice] 9#9: getrlimit(RLIMIT_NOFILE): 1048576:1048576
2022/08/09 20:49:27 [notice] 9#9: start worker processes
2022/08/09 20:49:27 [notice] 9#9: start worker process 10
2022/08/09 20:49:27 [notice] 9#9: start worker process 11
2022/08/09 20:49:27 [notice] 9#9: start worker process 12
2022/08/09 20:49:27 [notice] 9#9: start worker process 13
2022/08/09 20:49:27 [notice] 9#9: start worker process 14
2022/08/09 20:49:27 [notice] 9#9: start worker process 15
2022/08/09 20:49:27 [notice] 9#9: start worker process 16
2022/08/09 20:49:27 [notice] 9#9: start worker process 17
